0 info it worked if it ends with ok
1 verbose cli [ '/Users/rudydimacali/.nvm/versions/node/v6.13.1/bin/node',
1 verbose cli   '/Users/rudydimacali/.nvm/versions/node/v6.13.1/bin/npm',
1 verbose cli   'install',
1 verbose cli   'CommonsChunkPlugin' ]
2 info using npm@3.10.10
3 info using node@v6.13.1
4 silly loadCurrentTree Starting
5 silly install loadCurrentTree
6 silly install readLocalPackageData
7 silly fetchPackageMetaData CommonsChunkPlugin
8 silly fetchNamedPackageData CommonsChunkPlugin
9 silly mapToRegistry name CommonsChunkPlugin
10 silly mapToRegistry using default registry
11 silly mapToRegistry registry https://registry.npmjs.org/
12 silly mapToRegistry data Result {
12 silly mapToRegistry   raw: 'CommonsChunkPlugin',
12 silly mapToRegistry   scope: null,
12 silly mapToRegistry   escapedName: 'CommonsChunkPlugin',
12 silly mapToRegistry   name: 'CommonsChunkPlugin',
12 silly mapToRegistry   rawSpec: '',
12 silly mapToRegistry   spec: 'latest',
12 silly mapToRegistry   type: 'tag' }
13 silly mapToRegistry uri https://registry.npmjs.org/CommonsChunkPlugin
14 verbose request uri https://registry.npmjs.org/CommonsChunkPlugin
15 verbose request no auth needed
16 info attempt registry request try #1 at 3:00:08 PM
17 verbose request id aad12232384bfba5
18 http request GET https://registry.npmjs.org/CommonsChunkPlugin
19 http 404 https://registry.npmjs.org/CommonsChunkPlugin
20 verbose headers { date: 'Thu, 03 Jan 2019 23:00:08 GMT',
20 verbose headers   'content-type': 'application/json',
20 verbose headers   'content-length': '21',
20 verbose headers   connection: 'keep-alive',
20 verbose headers   'set-cookie': [ '__cfduid=d44a40ab674248243b121b3f1f8d3fe541546556408; expires=Fri, 03-Jan-20 23:00:08 GMT; path=/; domain=.registry.npmjs.org; HttpOnly' ],
20 verbose headers   'cf-cache-status': 'MISS',
20 verbose headers   'cache-control': 'max-age=300',
20 verbose headers   'cf-ray': '4939146ecc902828-SJC',
20 verbose headers   'expect-ct': 'max-age=604800, report-uri="https://report-uri.cloudflare.com/cdn-cgi/beacon/expect-ct"',
20 verbose headers   vary: 'accept-encoding, accept',
20 verbose headers   server: 'cloudflare' }
21 silly get cb [ 404,
21 silly get   { date: 'Thu, 03 Jan 2019 23:00:08 GMT',
21 silly get     'content-type': 'application/json',
21 silly get     'content-length': '21',
21 silly get     connection: 'keep-alive',
21 silly get     'set-cookie': [ '__cfduid=d44a40ab674248243b121b3f1f8d3fe541546556408; expires=Fri, 03-Jan-20 23:00:08 GMT; path=/; domain=.registry.npmjs.org; HttpOnly' ],
21 silly get     'cf-cache-status': 'MISS',
21 silly get     'cache-control': 'max-age=300',
21 silly get     'cf-ray': '4939146ecc902828-SJC',
21 silly get     'expect-ct': 'max-age=604800, report-uri="https://report-uri.cloudflare.com/cdn-cgi/beacon/expect-ct"',
21 silly get     vary: 'accept-encoding, accept',
21 silly get     server: 'cloudflare' } ]
22 silly fetchPackageMetaData Error: Not found : CommonsChunkPlugin
22 silly fetchPackageMetaData     at makeError (/Users/rudydimacali/.nvm/versions/node/v6.13.1/lib/node_modules/npm/node_modules/npm-registry-client/lib/request.js:302:12)
22 silly fetchPackageMetaData     at CachingRegistryClient.<anonymous> (/Users/rudydimacali/.nvm/versions/node/v6.13.1/lib/node_modules/npm/node_modules/npm-registry-client/lib/request.js:290:14)
22 silly fetchPackageMetaData     at Request._callback (/Users/rudydimacali/.nvm/versions/node/v6.13.1/lib/node_modules/npm/node_modules/npm-registry-client/lib/request.js:210:14)
22 silly fetchPackageMetaData     at Request.self.callback (/Users/rudydimacali/.nvm/versions/node/v6.13.1/lib/node_modules/npm/node_modules/request/request.js:187:22)
22 silly fetchPackageMetaData     at emitTwo (events.js:106:13)
22 silly fetchPackageMetaData     at Request.emit (events.js:191:7)
22 silly fetchPackageMetaData     at Request.<anonymous> (/Users/rudydimacali/.nvm/versions/node/v6.13.1/lib/node_modules/npm/node_modules/request/request.js:1048:10)
22 silly fetchPackageMetaData     at emitOne (events.js:96:13)
22 silly fetchPackageMetaData     at Request.emit (events.js:188:7)
22 silly fetchPackageMetaData     at IncomingMessage.<anonymous> (/Users/rudydimacali/.nvm/versions/node/v6.13.1/lib/node_modules/npm/node_modules/request/request.js:969:12)
22 silly fetchPackageMetaData  error for CommonsChunkPlugin { Error: Not found : CommonsChunkPlugin
22 silly fetchPackageMetaData     at makeError (/Users/rudydimacali/.nvm/versions/node/v6.13.1/lib/node_modules/npm/node_modules/npm-registry-client/lib/request.js:302:12)
22 silly fetchPackageMetaData     at CachingRegistryClient.<anonymous> (/Users/rudydimacali/.nvm/versions/node/v6.13.1/lib/node_modules/npm/node_modules/npm-registry-client/lib/request.js:290:14)
22 silly fetchPackageMetaData     at Request._callback (/Users/rudydimacali/.nvm/versions/node/v6.13.1/lib/node_modules/npm/node_modules/npm-registry-client/lib/request.js:210:14)
22 silly fetchPackageMetaData     at Request.self.callback (/Users/rudydimacali/.nvm/versions/node/v6.13.1/lib/node_modules/npm/node_modules/request/request.js:187:22)
22 silly fetchPackageMetaData     at emitTwo (events.js:106:13)
22 silly fetchPackageMetaData     at Request.emit (events.js:191:7)
22 silly fetchPackageMetaData     at Request.<anonymous> (/Users/rudydimacali/.nvm/versions/node/v6.13.1/lib/node_modules/npm/node_modules/request/request.js:1048:10)
22 silly fetchPackageMetaData     at emitOne (events.js:96:13)
22 silly fetchPackageMetaData     at Request.emit (events.js:188:7)
22 silly fetchPackageMetaData     at IncomingMessage.<anonymous> (/Users/rudydimacali/.nvm/versions/node/v6.13.1/lib/node_modules/npm/node_modules/request/request.js:969:12) pkgid: 'CommonsChunkPlugin', statusCode: 404, code: 'E404' }
23 silly rollbackFailedOptional Starting
24 silly rollbackFailedOptional Finishing
25 silly runTopLevelLifecycles Finishing
26 silly install printInstalled
27 verbose stack Error: Not found : CommonsChunkPlugin
27 verbose stack     at makeError (/Users/rudydimacali/.nvm/versions/node/v6.13.1/lib/node_modules/npm/node_modules/npm-registry-client/lib/request.js:302:12)
27 verbose stack     at CachingRegistryClient.<anonymous> (/Users/rudydimacali/.nvm/versions/node/v6.13.1/lib/node_modules/npm/node_modules/npm-registry-client/lib/request.js:290:14)
27 verbose stack     at Request._callback (/Users/rudydimacali/.nvm/versions/node/v6.13.1/lib/node_modules/npm/node_modules/npm-registry-client/lib/request.js:210:14)
27 verbose stack     at Request.self.callback (/Users/rudydimacali/.nvm/versions/node/v6.13.1/lib/node_modules/npm/node_modules/request/request.js:187:22)
27 verbose stack     at emitTwo (events.js:106:13)
27 verbose stack     at Request.emit (events.js:191:7)
27 verbose stack     at Request.<anonymous> (/Users/rudydimacali/.nvm/versions/node/v6.13.1/lib/node_modules/npm/node_modules/request/request.js:1048:10)
27 verbose stack     at emitOne (events.js:96:13)
27 verbose stack     at Request.emit (events.js:188:7)
27 verbose stack     at IncomingMessage.<anonymous> (/Users/rudydimacali/.nvm/versions/node/v6.13.1/lib/node_modules/npm/node_modules/request/request.js:969:12)
28 verbose statusCode 404
29 verbose pkgid CommonsChunkPlugin
30 verbose cwd /Users/rudydimacali/Documents/GitHub/reserveMe-FEC/reservation-calendar-service
31 error Darwin 18.2.0
32 error argv "/Users/rudydimacali/.nvm/versions/node/v6.13.1/bin/node" "/Users/rudydimacali/.nvm/versions/node/v6.13.1/bin/npm" "install" "CommonsChunkPlugin"
33 error node v6.13.1
34 error npm  v3.10.10
35 error code E404
36 error 404 Not found : CommonsChunkPlugin
37 error 404
38 error 404 'CommonsChunkPlugin' is not in the npm registry.
39 error 404 Your package name is not valid, because
40 error 404 1. name can no longer contain capital letters
41 error 404 Note that you can also install from a
42 error 404 tarball, folder, http url, or git url.
43 verbose exit [ 1, true ]
